0 info it worked if it ends with ok
1 verbose cli [ '/usr/bin/nodejs', '/usr/bin/npm', 'install', 'sails', '–g' ]
2 info using npm@3.5.2
3 info using node@v4.2.6
4 silly loadCurrentTree Starting
5 silly install loadCurrentTree
6 silly install readLocalPackageData
7 silly fetchPackageMetaData sails@~0.12.14
8 silly fetchPackageMetaData –g
9 silly fetchNamedPackageData sails
10 silly mapToRegistry name sails
11 silly mapToRegistry using default registry
12 silly mapToRegistry registry https://registry.npmjs.org/
13 silly mapToRegistry uri https://registry.npmjs.org/sails
14 silly fetchOtherPackageData –g
15 silly cache add args [ '–g', null ]
16 verbose cache add spec –g
17 verbose request uri https://registry.npmjs.org/sails
18 verbose request no auth needed
19 info attempt registry request try #1 at 10:25:09 a. m.
20 verbose request id d69507c2e8f60ed1
21 http request GET https://registry.npmjs.org/sails
22 silly cache add parsed spec Result {
22 silly cache add   raw: '–g',
22 silly cache add   scope: null,
22 silly cache add   name: null,
22 silly cache add   rawSpec: '–g',
22 silly cache add   spec: '/home/cristian/Documentos/reporte/reporte/–g',
22 silly cache add   type: 'local' }
23 error addLocal Could not install /home/cristian/Documentos/reporte/reporte/–g
24 silly fetchPackageMetaData Error: ENOENT: no such file or directory, open '/home/cristian/Documentos/reporte/reporte/–g'
24 silly fetchPackageMetaData     at Error (native)
24 silly fetchPackageMetaData  error for –g { [Error: ENOENT: no such file or directory, open '/home/cristian/Documentos/reporte/reporte/–g']
24 silly fetchPackageMetaData   errno: -2,
24 silly fetchPackageMetaData   code: 'ENOENT',
24 silly fetchPackageMetaData   syscall: 'open',
24 silly fetchPackageMetaData   path: '/home/cristian/Documentos/reporte/reporte/–g' }
25 http 400 https://registry.npmjs.org/sails
26 verbose headers {}
27 silly get cb [ 400, {} ]
28 silly fetchPackageMetaData Error: 400 Bad Request
28 silly fetchPackageMetaData     at makeError (/usr/share/npm/node_modules/npm-registry-client/lib/request.js:264:12)
28 silly fetchPackageMetaData     at CachingRegistryClient.<anonymous> (/usr/share/npm/node_modules/npm-registry-client/lib/request.js:215:9)
28 silly fetchPackageMetaData     at Request._callback (/usr/share/npm/node_modules/npm-registry-client/lib/request.js:172:14)
28 silly fetchPackageMetaData     at Request.self.callback (/usr/share/npm/node_modules/request/request.js:198:22)
28 silly fetchPackageMetaData     at emitTwo (events.js:87:13)
28 silly fetchPackageMetaData     at Request.emit (events.js:172:7)
28 silly fetchPackageMetaData     at Request.<anonymous> (/usr/share/npm/node_modules/request/request.js:1082:10)
28 silly fetchPackageMetaData     at emitOne (events.js:82:20)
28 silly fetchPackageMetaData     at Request.emit (events.js:169:7)
28 silly fetchPackageMetaData     at IncomingMessage.<anonymous> (/usr/share/npm/node_modules/request/request.js:1009:12)
28 silly fetchPackageMetaData  error for sails@~0.12.14 { [Error: 400 Bad Request] statusCode: 400, code: 'E400' }
29 silly rollbackFailedOptional Starting
30 silly rollbackFailedOptional Finishing
31 silly runTopLevelLifecycles Starting
32 silly runTopLevelLifecycles Finishing
33 silly install printInstalled
34 verbose stack Error: ENOENT: no such file or directory, open '/home/cristian/Documentos/reporte/reporte/–g'
34 verbose stack     at Error (native)
35 verbose cwd /home/cristian/Documentos/reporte/reporte
36 error Linux 4.4.0-53-generic
37 error argv "/usr/bin/nodejs" "/usr/bin/npm" "install" "sails" "–g"
38 error node v4.2.6
39 error npm  v3.5.2
40 error path /home/cristian/Documentos/reporte/reporte/–g
41 error code ENOENT
42 error errno -2
43 error syscall open
44 error enoent ENOENT: no such file or directory, open '/home/cristian/Documentos/reporte/reporte/–g'
45 error enoent ENOENT: no such file or directory, open '/home/cristian/Documentos/reporte/reporte/–g'
45 error enoent This is most likely not a problem with npm itself
45 error enoent and is related to npm not being able to find a file.
46 verbose exit [ -2, true ]
